blast_buflen
blast_initscr
blast_setfont
blast_getfont
blast_offset
blast_raw
blast_cbreak
blast_delay
blast_nodelay

blast_getch
blast_input_isv

blast_addch
blast_mvaddch
blast_addstr
blast_mvaddstr
blast_erase
blast_clear
blast_clrtobot
blast_clrtoeol
blast_clearok
blast_beep
blast_flash
blast_scroll
blast_rscroll
blast_refresh

blast_attrset
blast_attron
blast_attroff
blast_attrget
blast_chgat
blast_mvchgat

blast_move
blast_getcury
blast_getcurx
blast_getmaxy
blast_getmaxx
blast_getyoff
blast_getxoff
blast_inch
blast_mvinch
